current directory: /home/runner/rubyTicTacToe/.bundle/ruby/2.5.0/gems/psych-3.1.0/ext/psych
/usr/bin/ruby2.5 -r ./siteconf20200720-691-1k6d1dv.rb extconf.rb
checking for yaml.h... no
checking for _WIN32... no
checking for dlfcn.h... yes
checking for inttypes.h... yes
checking for memory.h... yes
checking for stdint.h... yes
checking for stdlib.h... yes
checking for strings.h... yes
checking for string.h... yes
checking for sys/stat.h... yes
checking for sys/types.h... yes
checking for unistd.h... yes
checking for yaml.h... yes
checking for config.h... yes
creating Makefile

current directory: /home/runner/rubyTicTacToe/.bundle/ruby/2.5.0/gems/psych-3.1.0/ext/psych
make "DESTDIR=" clean

current directory: /home/runner/rubyTicTacToe/.bundle/ruby/2.5.0/gems/psych-3.1.0/ext/psych
make "DESTDIR="
compiling ./yaml/api.c
compiling ./yaml/dumper.c
compiling ./yaml/emitter.c
compiling ./yaml/loader.c
compiling ./yaml/parser.c
compiling psych.c
compiling psych_emitter.c
compiling psych_parser.c
compiling psych_to_ruby.c
compiling psych_yaml_tree.c
compiling ./yaml/reader.c
compiling ./yaml/scanner.c
compiling ./yaml/writer.c
linking shared-object psych.so

current directory: /home/runner/rubyTicTacToe/.bundle/ruby/2.5.0/gems/psych-3.1.0/ext/psych
make "DESTDIR=" install
/usr/bin/install -c -m 0755 psych.so ./.gem.20200720-691-w9op1f
